<?xml version="1.0" encoding="UTF-8"?>
<testsuite name="TestSuite" time="0.021" tests="20" errors="0" skipped="0" failures="10">
  <properties>
    <property name="java.runtime.name" value="Java(TM) SE Runtime Environment"/>
    <property name="sun.boot.library.path" value="/usr/lib/jvm/java-8-oracle/jre/lib/amd64"/>
    <property name="java.vm.version" value="25.171-b11"/>
    <property name="java.vm.vendor" value="Oracle Corporation"/>
    <property name="maven.multiModuleProjectDirectory" value="/home/qainfotech/Documents/EclipseWorkspace/qa-test"/>
    <property name="java.vendor.url" value="http://java.oracle.com/"/>
    <property name="path.separator" value=":"/>
    <property name="guice.disable.misplaced.annotation.check" value="true"/>
    <property name="java.vm.name" value="Java HotSpot(TM) 64-Bit Server VM"/>
    <property name="file.encoding.pkg" value="sun.io"/>
    <property name="user.country" value="IN"/>
    <property name="sun.java.launcher" value="SUN_STANDARD"/>
    <property name="sun.os.patch.level" value="unknown"/>
    <property name="java.vm.specification.name" value="Java Virtual Machine Specification"/>
    <property name="user.dir" value="/home/qainfotech/Documents/EclipseWorkspace/qa-test"/>
    <property name="java.runtime.version" value="1.8.0_171-b11"/>
    <property name="java.awt.graphicsenv" value="sun.awt.X11GraphicsEnvironment"/>
    <property name="java.endorsed.dirs" value="/usr/lib/jvm/java-8-oracle/jre/lib/endorsed"/>
    <property name="os.arch" value="amd64"/>
    <property name="java.io.tmpdir" value="/tmp"/>
    <property name="line.separator" value="&#10;"/>
    <property name="java.vm.specification.vendor" value="Oracle Corporation"/>
    <property name="os.name" value="Linux"/>
    <property name="classworlds.conf" value="/usr/share/maven/bin/m2.conf"/>
    <property name="sun.jnu.encoding" value="UTF-8"/>
    <property name="java.library.path" value="/usr/java/packages/lib/amd64:/usr/lib64:/lib64:/lib:/usr/lib"/>
    <property name="java.specification.name" value="Java Platform API Specification"/>
    <property name="java.class.version" value="52.0"/>
    <property name="sun.management.compiler" value="HotSpot 64-Bit Tiered Compilers"/>
    <property name="os.version" value="4.4.0-130-generic"/>
    <property name="user.home" value="/home/qainfotech"/>
    <property name="user.timezone" value="Asia/Kolkata"/>
    <property name="java.awt.printerjob" value="sun.print.PSPrinterJob"/>
    <property name="file.encoding" value="UTF-8"/>
    <property name="java.specification.version" value="1.8"/>
    <property name="user.name" value="qainfotech"/>
    <property name="java.class.path" value="/usr/share/maven/boot/plexus-classworlds-2.x.jar"/>
    <property name="java.vm.specification.version" value="1.8"/>
    <property name="sun.arch.data.model" value="64"/>
    <property name="java.home" value="/usr/lib/jvm/java-8-oracle/jre"/>
    <property name="sun.java.command" value="org.codehaus.plexus.classworlds.launcher.Launcher test"/>
    <property name="java.specification.vendor" value="Oracle Corporation"/>
    <property name="user.language" value="en"/>
    <property name="awt.toolkit" value="sun.awt.X11.XToolkit"/>
    <property name="java.vm.info" value="mixed mode"/>
    <property name="java.version" value="1.8.0_171"/>
    <property name="java.ext.dirs" value="/usr/lib/jvm/java-8-oracle/jre/lib/ext:/usr/java/packages/lib/ext"/>
    <property name="securerandom.source" value="file:/dev/./urandom"/>
    <property name="sun.boot.class.path" value="/usr/lib/jvm/java-8-oracle/jre/lib/resources.jar:/usr/lib/jvm/java-8-oracle/jre/lib/rt.jar:/usr/lib/jvm/java-8-oracle/jre/lib/sunrsasign.jar:/usr/lib/jvm/java-8-oracle/jre/lib/jsse.jar:/usr/lib/jvm/java-8-oracle/jre/lib/jce.jar:/usr/lib/jvm/java-8-oracle/jre/lib/charsets.jar:/usr/lib/jvm/java-8-oracle/jre/lib/jfr.jar:/usr/lib/jvm/java-8-oracle/jre/classes"/>
    <property name="java.vendor" value="Oracle Corporation"/>
    <property name="maven.home" value="/usr/share/maven"/>
    <property name="file.separator" value="/"/>
    <property name="java.vendor.url.bug" value="http://bugreport.sun.com/bugreport/"/>
    <property name="sun.cpu.endian" value="little"/>
    <property name="sun.io.unicode.encoding" value="UnicodeLittle"/>
    <property name="sun.desktop" value="gnome"/>
    <property name="sun.cpu.isalist" value=""/>
  </properties>
  <testcase name="Test10_Rotate_Array" classname="testquestion1.Test_MyCollection" time="0.007"/>
  <testcase name="Test1_Able_To_Add_New_Entry_In_Collection" classname="testquestion1.Test_MyCollection" time="0.001"/>
  <testcase name="Test2_Duplicate_Entry_In_Collection" classname="testquestion1.Test_MyCollection" time="0"/>
  <testcase name="Test3_Get_Collection_Functionality" classname="testquestion1.Test_MyCollection" time="0.005">
    <failure message="-1" type="java.lang.ArrayIndexOutOfBoundsException">java.lang.ArrayIndexOutOfBoundsException: -1
	at question1.MyCollection.toString(MyCollection.java:113)
	at testquestion1.Test_MyCollection.Test3_Get_Collection_Functionality(Test_MyCollection.java:32)
</failure>
  </testcase>
  <testcase name="Test4_DoubleCapacity" classname="testquestion1.Test_MyCollection" time="0"/>
  <testcase name="Test5_Remove_Functionality_If_Entry_Already_Present" classname="testquestion1.Test_MyCollection" time="0.001">
    <failure message="12" type="java.lang.ArrayIndexOutOfBoundsException">java.lang.ArrayIndexOutOfBoundsException: 12
	at question1.MyCollection.remove(MyCollection.java:74)
	at testquestion1.Test_MyCollection.Test5_Remove_Functionality_If_Entry_Already_Present(Test_MyCollection.java:50)
</failure>
  </testcase>
  <testcase name="Test6_Remove_Functionality_If_Collection_Is_Empty" classname="testquestion1.Test_MyCollection" time="0"/>
  <testcase name="Test7_Collection_Length_Functionality" classname="testquestion1.Test_MyCollection" time="0"/>
  <testcase name="Test8_Search_Functionality_If_Enrty_Exists" classname="testquestion1.Test_MyCollection" time="0"/>
  <testcase name="Test9_Search_Functionality_If_Enrty_Not_Exists" classname="testquestion1.Test_MyCollection" time="0"/>
  <testcase name="Test10_Rotate_Array" classname="testquestion2.Test_MyCollection" time="0.001">
    <failure message="expected [{Is, Always, A Fun., Sometimes, Automation, Testing}] but found [question2.MyCollection@54a097cc]" type="java.lang.AssertionError">java.lang.AssertionError: expected [{Is, Always, A Fun., Sometimes, Automation, Testing}] but found [question2.MyCollection@54a097cc]
	at org.testng.Assert.fail(Assert.java:96)
	at org.testng.Assert.failNotEquals(Assert.java:776)
	at org.testng.Assert.assertEqualsImpl(Assert.java:137)
	at org.testng.Assert.assertEquals(Assert.java:118)
	at org.testng.Assert.assertEquals(Assert.java:453)
	at org.testng.Assert.assertEquals(Assert.java:463)
	at testquestion2.Test_MyCollection.Test10_Rotate_Array(Test_MyCollection.java:94)
</failure>
  </testcase>
  <testcase name="Test1_Able_To_Add_New_Entry_In_Collection" classname="testquestion2.Test_MyCollection" time="0.001">
    <failure message="Assertion Failed : Not able to add number 5 in collection expected [true] but found [false]" type="java.lang.AssertionError">java.lang.AssertionError: Assertion Failed : Not able to add number 5 in collection expected [true] but found [false]
	at org.testng.Assert.fail(Assert.java:96)
	at org.testng.Assert.failNotEquals(Assert.java:776)
	at org.testng.Assert.assertTrue(Assert.java:44)
	at testquestion2.Test_MyCollection.Test1_Able_To_Add_New_Entry_In_Collection(Test_MyCollection.java:16)
</failure>
  </testcase>
  <testcase name="Test2_Duplicate_Entry_In_Collection" classname="testquestion2.Test_MyCollection" time="0.003"/>
  <testcase name="Test3_Get_Collection_Functionality" classname="testquestion2.Test_MyCollection" time="0">
    <failure message="Assertion Failed : Not able to read collection expected [{}] but found [question2.MyCollection@735b478]" type="java.lang.AssertionError">java.lang.AssertionError: Assertion Failed : Not able to read collection expected [{}] but found [question2.MyCollection@735b478]
	at org.testng.Assert.fail(Assert.java:96)
	at org.testng.Assert.failNotEquals(Assert.java:776)
	at org.testng.Assert.assertEqualsImpl(Assert.java:137)
	at org.testng.Assert.assertEquals(Assert.java:118)
	at org.testng.Assert.assertEquals(Assert.java:453)
	at testquestion2.Test_MyCollection.Test3_Get_Collection_Functionality(Test_MyCollection.java:32)
</failure>
  </testcase>
  <testcase name="Test4_DoubleCapacity" classname="testquestion2.Test_MyCollection" time="0">
    <failure message="Assertion Failed : Not able to add number in collection once it get fulled expected [{4,5,-4,-5,6}] but found [question2.MyCollection@2096442d]" type="java.lang.AssertionError">java.lang.AssertionError: Assertion Failed : Not able to add number in collection once it get fulled expected [{4,5,-4,-5,6}] but found [question2.MyCollection@2096442d]
	at org.testng.Assert.fail(Assert.java:96)
	at org.testng.Assert.failNotEquals(Assert.java:776)
	at org.testng.Assert.assertEqualsImpl(Assert.java:137)
	at org.testng.Assert.assertEquals(Assert.java:118)
	at org.testng.Assert.assertEquals(Assert.java:453)
	at testquestion2.Test_MyCollection.Test4_DoubleCapacity(Test_MyCollection.java:41)
</failure>
  </testcase>
  <testcase name="Test5_Remove_Functionality_If_Entry_Already_Present" classname="testquestion2.Test_MyCollection" time="0.001">
    <failure message="Assetion Failed : Not Able to delete entry from collection expected [true] but found [false]" type="java.lang.AssertionError">java.lang.AssertionError: Assetion Failed : Not Able to delete entry from collection expected [true] but found [false]
	at org.testng.Assert.fail(Assert.java:96)
	at org.testng.Assert.failNotEquals(Assert.java:776)
	at org.testng.Assert.assertTrue(Assert.java:44)
	at testquestion2.Test_MyCollection.Test5_Remove_Functionality_If_Entry_Already_Present(Test_MyCollection.java:50)
</failure>
  </testcase>
  <testcase name="Test6_Remove_Functionality_If_Collection_Is_Empty" classname="testquestion2.Test_MyCollection" time="0"/>
  <testcase name="Test7_Collection_Length_Functionality" classname="testquestion2.Test_MyCollection" time="0.001">
    <failure message="expected [6] but found [0]" type="java.lang.AssertionError">java.lang.AssertionError: expected [6] but found [0]
	at org.testng.Assert.fail(Assert.java:96)
	at org.testng.Assert.failNotEquals(Assert.java:776)
	at org.testng.Assert.assertEqualsImpl(Assert.java:137)
	at org.testng.Assert.assertEquals(Assert.java:118)
	at org.testng.Assert.assertEquals(Assert.java:652)
	at org.testng.Assert.assertEquals(Assert.java:662)
	at testquestion2.Test_MyCollection.Test7_Collection_Length_Functionality(Test_MyCollection.java:66)
</failure>
  </testcase>
  <testcase name="Test8_Search_Functionality_If_Enrty_Exists" classname="testquestion2.Test_MyCollection" time="0">
    <failure message="expected [1] but found [0]" type="java.lang.AssertionError">java.lang.AssertionError: expected [1] but found [0]
	at org.testng.Assert.fail(Assert.java:96)
	at org.testng.Assert.failNotEquals(Assert.java:776)
	at org.testng.Assert.assertEqualsImpl(Assert.java:137)
	at org.testng.Assert.assertEquals(Assert.java:118)
	at org.testng.Assert.assertEquals(Assert.java:652)
	at org.testng.Assert.assertEquals(Assert.java:662)
	at testquestion2.Test_MyCollection.Test8_Search_Functionality_If_Enrty_Exists(Test_MyCollection.java:75)
</failure>
  </testcase>
  <testcase name="Test9_Search_Functionality_If_Enrty_Not_Exists" classname="testquestion2.Test_MyCollection" time="0">
    <failure message="expected [-1] but found [0]" type="java.lang.AssertionError">java.lang.AssertionError: expected [-1] but found [0]
	at org.testng.Assert.fail(Assert.java:96)
	at org.testng.Assert.failNotEquals(Assert.java:776)
	at org.testng.Assert.assertEqualsImpl(Assert.java:137)
	at org.testng.Assert.assertEquals(Assert.java:118)
	at org.testng.Assert.assertEquals(Assert.java:652)
	at org.testng.Assert.assertEquals(Assert.java:662)
	at testquestion2.Test_MyCollection.Test9_Search_Functionality_If_Enrty_Not_Exists(Test_MyCollection.java:84)
</failure>
  </testcase>
</testsuite>